[debug] [2025-03-20T18:17:27.123Z] ----------------------------------------------------------------------
[debug] [2025-03-20T18:17:27.128Z] Command:       C:\Program Files (x86)\nodejs\node.exe C:\Users\Sanjana\AppData\Roaming\npm\node_modules\firebase-tools\lib\bin\firebase.js deploy
[debug] [2025-03-20T18:17:27.129Z] CLI Version:   13.32.0
[debug] [2025-03-20T18:17:27.130Z] Platform:      win32
[debug] [2025-03-20T18:17:27.130Z] Node Version:  v20.18.0
[debug] [2025-03-20T18:17:27.130Z] Time:          Thu Mar 20 2025 23:47:27 GMT+0530 (India Standard Time)
[debug] [2025-03-20T18:17:27.130Z] ----------------------------------------------------------------------
[debug] 
[debug] [2025-03-20T18:17:27.939Z] > command requires scopes: ["email","openid","https://www.googleapis.com/auth/cloudplatformprojects.readonly","https://www.googleapis.com/auth/firebase","https://www.googleapis.com/auth/cloud-platform"]
[debug] [2025-03-20T18:17:27.941Z] > authorizing via signed-in user (iiicumit@gmail.com)
[debug] [2025-03-20T18:17:27.941Z] [iam] checking project iiic-umit for permissions ["firebase.projects.get","firebasedatabase.instances.update","firebasehosting.sites.update"]
[debug] [2025-03-20T18:17:27.944Z] Checked if tokens are valid: false, expires at: 1742493213806
[debug] [2025-03-20T18:17:27.944Z] Checked if tokens are valid: false, expires at: 1742493213806
[debug] [2025-03-20T18:17:27.945Z] > refreshing access token with scopes: []
[debug] [2025-03-20T18:17:27.947Z] >>> [apiv2][query] POST https://www.googleapis.com/oauth2/v3/token [none]
[debug] [2025-03-20T18:17:27.947Z] >>> [apiv2][body] POST https://www.googleapis.com/oauth2/v3/token [omitted]
[debug] [2025-03-20T18:17:29.523Z] <<< [apiv2][status] POST https://www.googleapis.com/oauth2/v3/token 200
[debug] [2025-03-20T18:17:29.524Z] <<< [apiv2][body] POST https://www.googleapis.com/oauth2/v3/token [omitted]
[debug] [2025-03-20T18:17:29.540Z] >>> [apiv2][query] POST https://cloudresourcemanager.googleapis.com/v1/projects/iiic-umit:testIamPermissions [none]
[debug] [2025-03-20T18:17:29.540Z] >>> [apiv2][(partial)header] POST https://cloudresourcemanager.googleapis.com/v1/projects/iiic-umit:testIamPermissions x-goog-quota-user=projects/iiic-umit
[debug] [2025-03-20T18:17:29.541Z] >>> [apiv2][body] POST https://cloudresourcemanager.googleapis.com/v1/projects/iiic-umit:testIamPermissions {"permissions":["firebase.projects.get","firebasedatabase.instances.update","firebasehosting.sites.update"]}
[debug] [2025-03-20T18:17:30.822Z] <<< [apiv2][status] POST https://cloudresourcemanager.googleapis.com/v1/projects/iiic-umit:testIamPermissions 200
[debug] [2025-03-20T18:17:30.822Z] <<< [apiv2][body] POST https://cloudresourcemanager.googleapis.com/v1/projects/iiic-umit:testIamPermissions {"permissions":["firebase.projects.get","firebasedatabase.instances.update","firebasehosting.sites.update"]}
[debug] [2025-03-20T18:17:30.823Z] Checked if tokens are valid: true, expires at: 1742498248525
[debug] [2025-03-20T18:17:30.823Z] Checked if tokens are valid: true, expires at: 1742498248525
[debug] [2025-03-20T18:17:30.824Z] >>> [apiv2][query] GET https://firebase.googleapis.com/v1beta1/projects/iiic-umit [none]
[debug] [2025-03-20T18:17:31.843Z] <<< [apiv2][status] GET https://firebase.googleapis.com/v1beta1/projects/iiic-umit 200
[debug] [2025-03-20T18:17:31.843Z] <<< [apiv2][body] GET https://firebase.googleapis.com/v1beta1/projects/iiic-umit {"projectId":"iiic-umit","projectNumber":"1044941932147","displayName":"iiic-umit","name":"projects/iiic-umit","resources":{"hostingSite":"iiic-umit","realtimeDatabaseInstance":"iiic-umit-default-rtdb"},"state":"ACTIVE","etag":"1_8bede104-6ba5-4818-9456-44ab96b21922"}
[debug] [2025-03-20T18:17:31.844Z] Checked if tokens are valid: true, expires at: 1742498248525
[debug] [2025-03-20T18:17:31.844Z] Checked if tokens are valid: true, expires at: 1742498248525
[debug] [2025-03-20T18:17:31.845Z] >>> [apiv2][query] GET https://firebase.googleapis.com/v1beta1/projects/iiic-umit [none]
[debug] [2025-03-20T18:17:32.308Z] <<< [apiv2][status] GET https://firebase.googleapis.com/v1beta1/projects/iiic-umit 200
[debug] [2025-03-20T18:17:32.309Z] <<< [apiv2][body] GET https://firebase.googleapis.com/v1beta1/projects/iiic-umit {"projectId":"iiic-umit","projectNumber":"1044941932147","displayName":"iiic-umit","name":"projects/iiic-umit","resources":{"hostingSite":"iiic-umit","realtimeDatabaseInstance":"iiic-umit-default-rtdb"},"state":"ACTIVE","etag":"1_8bede104-6ba5-4818-9456-44ab96b21922"}
[info] 
[info] === Deploying to 'iiic-umit'...
[info] 
[info] i  deploying database, hosting 
[info] i  database: checking rules syntax... 
[debug] [2025-03-20T18:17:32.320Z] Checked if tokens are valid: true, expires at: 1742498248525
[debug] [2025-03-20T18:17:32.321Z] Checked if tokens are valid: true, expires at: 1742498248525
[debug] [2025-03-20T18:17:32.321Z] >>> [apiv2][query] GET https://firebasedatabase.googleapis.com/v1beta/projects/iiic-umit/locations/-/instances/iiic-umit-default-rtdb [none]
[debug] [2025-03-20T18:17:34.388Z] <<< [apiv2][status] GET https://firebasedatabase.googleapis.com/v1beta/projects/iiic-umit/locations/-/instances/iiic-umit-default-rtdb 200
[debug] [2025-03-20T18:17:34.389Z] <<< [apiv2][body] GET https://firebasedatabase.googleapis.com/v1beta/projects/iiic-umit/locations/-/instances/iiic-umit-default-rtdb {"name":"projects/1044941932147/locations/asia-southeast1/instances/iiic-umit-default-rtdb","project":"projects/1044941932147","databaseUrl":"https://iiic-umit-default-rtdb.asia-southeast1.firebasedatabase.app","type":"DEFAULT_DATABASE","state":"ACTIVE"}
[debug] [2025-03-20T18:17:34.392Z] Checked if tokens are valid: true, expires at: 1742498248525
[debug] [2025-03-20T18:17:34.392Z] Checked if tokens are valid: true, expires at: 1742498248525
[debug] [2025-03-20T18:17:34.394Z] >>> [apiv2][query] PUT https://iiic-umit-default-rtdb.asia-southeast1.firebasedatabase.app/.settings/rules.json dryRun=true
[debug] [2025-03-20T18:17:34.394Z] >>> [apiv2][body] PUT https://iiic-umit-default-rtdb.asia-southeast1.firebasedatabase.app/.settings/rules.json "{\r\n  \"rules\": {\r\n    \"Blog\": { \r\n      \".read\": \"auth != null\",\r\n      \".write\": \"root.child('users').child(auth.uid).child('role').val() === 'Coordinator'\"\r\n    },\r\n    \"Events\": { \r\n      \".read\": true,\r\n      \".write\": \"root.child('users').child(auth.uid).child('role').val() === 'Coordinator'\"\r\n    },\r\n    \"Recruiters\": { \r\n      \".read\": \"root.child('users').child(auth.uid).child('role').val() === 'Recruiter' || root.child('users').child(auth.uid).child('role').val() === 'Coordinator'\",\r\n      \".write\": \"root.child('users').child(auth.uid).child('role').val() === 'Recruiter' || root.child('users').child(auth.uid).child('role').val() === 'Coordinator'\"\r\n    },\r\n    \"Students\": { \r\n      \".read\": \"root.child('users').child(auth.uid).child('role').val() === 'Recruiter' || root.child('users').child(auth.uid).child('role').val() === 'Coordinator'\",\r\n      \".write\": \"root.child('users').child(auth.uid).child('role').val() === 'Recruiter' || root.child('users').child(auth.uid).child('role').val() === 'Coordinator'\"\r\n    },\r\n    \"Team\": { \r\n      \".read\": true,\r\n      \".write\": \"root.child('users').child(auth.uid).child('role').val() === 'Coordinator'\"\r\n    },\r\n    \"announcements\": {\r\n      \".read\": \"auth != null\",\r\n      \".write\": \"root.child('users').child(auth.uid).child('role').val() === 'Coordinator'\"\r\n    },\r\n    \"users\": {\r\n      \".read\": \"auth != null\",\r\n      \".write\": \"auth != null\"\r\n    }\r\n  }\r\n}\r\n"
[debug] [2025-03-20T18:17:34.628Z] <<< [apiv2][status] PUT https://iiic-umit-default-rtdb.asia-southeast1.firebasedatabase.app/.settings/rules.json 200
[debug] [2025-03-20T18:17:34.629Z] <<< [apiv2][body] PUT https://iiic-umit-default-rtdb.asia-southeast1.firebasedatabase.app/.settings/rules.json {"status":"ok"}
[info] +  database: rules syntax for database iiic-umit-default-rtdb is valid 
[debug] [2025-03-20T18:17:34.638Z] Checked if tokens are valid: true, expires at: 1742498248525
[debug] [2025-03-20T18:17:34.638Z] Checked if tokens are valid: true, expires at: 1742498248525
[debug] [2025-03-20T18:17:34.638Z] >>> [apiv2][query] POST https://firebasehosting.googleapis.com/v1beta1/projects/-/sites/iiic-umit/versions [none]
[debug] [2025-03-20T18:17:34.638Z] >>> [apiv2][body] POST https://firebasehosting.googleapis.com/v1beta1/projects/-/sites/iiic-umit/versions {"status":"CREATED","labels":{"deployment-tool":"cli-firebase"}}
[debug] [2025-03-20T18:17:36.395Z] <<< [apiv2][status] POST https://firebasehosting.googleapis.com/v1beta1/projects/-/sites/iiic-umit/versions 200
[debug] [2025-03-20T18:17:36.395Z] <<< [apiv2][body] POST https://firebasehosting.googleapis.com/v1beta1/projects/-/sites/iiic-umit/versions {"name":"projects/1044941932147/sites/iiic-umit/versions/be4495b488c4db5d","status":"CREATED","config":{},"labels":{"deployment-tool":"cli-firebase"}}
[info] i  hosting[iiic-umit]: beginning deploy... 
[info] i  hosting[iiic-umit]: found 33 files in build 
[debug] [2025-03-20T18:17:36.439Z] [hosting] uploading with 200 concurrency
[debug] [2025-03-20T18:17:38.582Z] Checked if tokens are valid: true, expires at: 1742498248525
[debug] [2025-03-20T18:17:38.582Z] Checked if tokens are valid: true, expires at: 1742498248525
[debug] [2025-03-20T18:17:38.591Z] [hosting] hash cache [YnVpbGQ] stored for 33 files
[debug] [2025-03-20T18:17:38.592Z] [hosting][hash queue][FINAL] {"max":2103,"min":17,"avg":236.6060606060606,"active":0,"complete":33,"success":33,"errored":0,"retried":0,"total":33,"elapsed":2135}
[debug] [2025-03-20T18:17:38.593Z] >>> [apiv2][query] POST https://firebasehosting.googleapis.com/v1beta1/projects/1044941932147/sites/iiic-umit/versions/be4495b488c4db5d:populateFiles [none]
[debug] [2025-03-20T18:17:38.593Z] >>> [apiv2][body] POST https://firebasehosting.googleapis.com/v1beta1/projects/1044941932147/sites/iiic-umit/versions/be4495b488c4db5d:populateFiles {"files":{"/manifest.json":"8debaff5146d25951fbece14c37837b06b6d1771f288149257778597e92010d7","/favicon.ico":"1ddcaef6ce52a00331bc90bede6f666110cb37a7b5be746f487c34c41dff368c","/asset-manifest.json":"051e15cfb47e62d12ab621596af06bdf78d201ad82a6d230f7b0634ea31cf8f2","/index.html":"0c643acdd759315126b672cf98be6a3dc0e5b30f1a8c8857f07ede40159cbc34","/static/media/facebook.3e4825900dfd37587d98.png":"d2dbc1fed480d97b573cad5a9db9d6bc1bba1c69e9a5504ebcd7fd86f77a76ba","/static/media/1 (8).8e519a1c6c05d0134a9c.jpg":"70fed25b4590479bac4bb063f8374f1f15d2d4b0e933ed8f643b09ab232c2b71","/static/media/1 (9).1d09c5b2db1a77ed9582.jpg":"f23e4c39d9ab12974a28e687701360b42baf73253a485db9b8cb70c07545b2d6","/static/media/1 (7).5e8eb3070cf95b9dc39b.jpg":"b81ef50107b0316900a14c30b3e1353f630bc4916f1d718912935cfd0e07610a","/static/media/1 (5).d343611f00a207bb60ae.jpg":"3e8142f45a63df53f144e1361e4fc398fd7b83a2628ae1635ce5e4e2003a3df0","/static/media/1 (6).51f11d17bf748878ff9f.jpg":"ae2bb8dc79e83a964432c4ecd85e7f03ae0990e4f694863953b06d4d587b721c","/static/media/1 (3).967de13798035237933c.jpg":"ae29b151474e9af11a1e825e48900917578c2333a91043bf0c9d0bec97081379","/static/media/1 (2).d43e0378e9ce35a272df.jpg":"a2abce6944d4d01b8d40ca576abc0e9aad85595f2c9b85abfcfefecea287b20e","/static/media/1 (13).e3bd105582580eaea41c.jpg":"027fffd1568ae35911fcfe8118fece13e6b94601e67b58a709af67e2d322c163","/static/media/1 (14).6e49ed85d0f84409bfcb.jpg":"9c3e49699b6c46898e6d20fbc9b83b692ea35a7b4e15f2714e80af4cfa22c131","/static/media/1 (1).37bd6c5b3cfe39eefa2e.jpg":"3921b8e6f8b73a0348f71d9fa1f2d74766cc3f2e57b1ca61b2f0a57becfa5fcd","/static/media/1 (11).022d74587bfcb0a99f92.jpg":"c8d970ce38c59a01a4864de0eef68f61176dce70c5400f5011bbe06bf5e9bc52","/static/media/1 (10).36685c09bb185c769ef4.jpg":"988308b36d15c3db9a7e9095f8e5647cbedb043a00efe596a91f0505aa9e0639","/static/js/main.1f9cbb02.js.LICENSE.txt":"d99a8b8be7b48516cc76a1db0b2e7de5e0dac4154e6264bf7d389f26ae94e1ff","/static/media/twitter.0cafcdd37713810761f7.png":"b16381874c031d235b41ef747553acd6d3fd98203caa88b34c46fe22d3885798","/static/media/instagram.459d14acdbfb7db227e0.png":"ae67174a84160d22f371ed0469affe1b4e9bbf1bbe9c327eb9abc599cf9eb7d8","/static/media/1 (4).83da53e0d3514ac72167.jpg":"56ae125bd7bab87b3b8f89d1ac36ddb74fae400dde73353522187777919a8b34","/static/media/1 (15).a1c93602ddc795669d0b.jpg":"e3f4f0dbb68fad015b12024286c6d402c6327359b6fb3c18b0ecdcd39115270a","/static/media/1 (12).f3ab6aeda0851b5c9646.jpg":"2fca4ae1687b056bfb8529e3793ae052c1665c9b3b2d0f177af4059195dfa410","/static/media/vilasKharat.0af33044b692c398e1fe.jpeg":"28cf3e6c6b08ac8f28999edab1e61473b1d9a3c97f957597e09febc2ee88b48e","/static/media/AboutUs.3ff3051256ea59d90423.PNG":"7db5ee49a6b4ec0f3b8e5929e313cde89a412984c55e879ad8cfc1ba244c45ba","/static/media/sndt-logo.bda11bb76ff613f07e17.png":"8c9ce7f7584bd4bea3f584401a73372fc22941d6120d1061cb2a586c44134a9b","/static/css/main.50223585.css":"81ae8bf8bad14a7961abac48d2e9d7c8eea03c127cf9e18b2e206c13d9f05f64","/static/css/main.50223585.css.map":"86d204b33e4e83c4a962688948d0d5fe25cf935c87f7655375deca5e23023749","/static/media/linkedin.a18fd0e384ab23935aea.png":"c30855b09a26835fafd53073ab0c331793c6f314257bd38022a873b1534ec5e9","/static/js/main.1f9cbb02.js":"3b24597344effc516c117ad4eb1d96c8f1a2cc80773bad3cba6aacf6042a1127","/static/media/college.811d6a077d26aa5ac648.png":"0aa5953ea72b95337199e060a5029fac7e7889bd2efcaa89aaed083094aec3c1","/static/media/IIIC-logo.8a3c824e46d58396b050.png":"f787a94a821a486575bc21e773807b2a5b360ddc202a88aa76d70cf813b3128d","/static/js/main.1f9cbb02.js.map":"57165902486072b026b50efdabf0c6332b87e7540f8608b4391ff74a8794974d"}}
[debug] [2025-03-20T18:17:39.086Z] <<< [apiv2][status] POST https://firebasehosting.googleapis.com/v1beta1/projects/1044941932147/sites/iiic-umit/versions/be4495b488c4db5d:populateFiles 200
[debug] [2025-03-20T18:17:39.086Z] <<< [apiv2][body] POST https://firebasehosting.googleapis.com/v1beta1/projects/1044941932147/sites/iiic-umit/versions/be4495b488c4db5d:populateFiles {"uploadRequiredHashes":["57165902486072b026b50efdabf0c6332b87e7540f8608b4391ff74a8794974d","051e15cfb47e62d12ab621596af06bdf78d201ad82a6d230f7b0634ea31cf8f2","3b24597344effc516c117ad4eb1d96c8f1a2cc80773bad3cba6aacf6042a1127","81ae8bf8bad14a7961abac48d2e9d7c8eea03c127cf9e18b2e206c13d9f05f64","86d204b33e4e83c4a962688948d0d5fe25cf935c87f7655375deca5e23023749","0c643acdd759315126b672cf98be6a3dc0e5b30f1a8c8857f07ede40159cbc34"],"uploadUrl":"https://upload-firebasehosting.googleapis.com/upload/sites/iiic-umit/versions/be4495b488c4db5d/files"}
[debug] [2025-03-20T18:17:39.088Z] Checked if tokens are valid: true, expires at: 1742498248525
[debug] [2025-03-20T18:17:39.088Z] Checked if tokens are valid: true, expires at: 1742498248525
[debug] [2025-03-20T18:17:39.088Z] Checked if tokens are valid: true, expires at: 1742498248525
[debug] [2025-03-20T18:17:39.089Z] Checked if tokens are valid: true, expires at: 1742498248525
[debug] [2025-03-20T18:17:39.089Z] Checked if tokens are valid: true, expires at: 1742498248525
[debug] [2025-03-20T18:17:39.089Z] Checked if tokens are valid: true, expires at: 1742498248525
[debug] [2025-03-20T18:17:39.090Z] Checked if tokens are valid: true, expires at: 1742498248525
[debug] [2025-03-20T18:17:39.090Z] Checked if tokens are valid: true, expires at: 1742498248525
[debug] [2025-03-20T18:17:39.090Z] Checked if tokens are valid: true, expires at: 1742498248525
[debug] [2025-03-20T18:17:39.091Z] Checked if tokens are valid: true, expires at: 1742498248525
[debug] [2025-03-20T18:17:39.091Z] Checked if tokens are valid: true, expires at: 1742498248525
[debug] [2025-03-20T18:17:39.092Z] Checked if tokens are valid: true, expires at: 1742498248525
[debug] [2025-03-20T18:17:39.092Z] >>> [apiv2][query] POST https://upload-firebasehosting.googleapis.com/upload/sites/iiic-umit/versions/be4495b488c4db5d/files/57165902486072b026b50efdabf0c6332b87e7540f8608b4391ff74a8794974d [none]
[debug] [2025-03-20T18:17:39.092Z] >>> [apiv2][body] POST https://upload-firebasehosting.googleapis.com/upload/sites/iiic-umit/versions/be4495b488c4db5d/files/57165902486072b026b50efdabf0c6332b87e7540f8608b4391ff74a8794974d [stream]
[debug] [2025-03-20T18:17:39.097Z] >>> [apiv2][query] POST https://upload-firebasehosting.googleapis.com/upload/sites/iiic-umit/versions/be4495b488c4db5d/files/051e15cfb47e62d12ab621596af06bdf78d201ad82a6d230f7b0634ea31cf8f2 [none]
[debug] [2025-03-20T18:17:39.097Z] >>> [apiv2][body] POST https://upload-firebasehosting.googleapis.com/upload/sites/iiic-umit/versions/be4495b488c4db5d/files/051e15cfb47e62d12ab621596af06bdf78d201ad82a6d230f7b0634ea31cf8f2 [stream]
[debug] [2025-03-20T18:17:39.100Z] >>> [apiv2][query] POST https://upload-firebasehosting.googleapis.com/upload/sites/iiic-umit/versions/be4495b488c4db5d/files/3b24597344effc516c117ad4eb1d96c8f1a2cc80773bad3cba6aacf6042a1127 [none]
[debug] [2025-03-20T18:17:39.100Z] >>> [apiv2][body] POST https://upload-firebasehosting.googleapis.com/upload/sites/iiic-umit/versions/be4495b488c4db5d/files/3b24597344effc516c117ad4eb1d96c8f1a2cc80773bad3cba6aacf6042a1127 [stream]
[debug] [2025-03-20T18:17:39.104Z] >>> [apiv2][query] POST https://upload-firebasehosting.googleapis.com/upload/sites/iiic-umit/versions/be4495b488c4db5d/files/81ae8bf8bad14a7961abac48d2e9d7c8eea03c127cf9e18b2e206c13d9f05f64 [none]
[debug] [2025-03-20T18:17:39.104Z] >>> [apiv2][body] POST https://upload-firebasehosting.googleapis.com/upload/sites/iiic-umit/versions/be4495b488c4db5d/files/81ae8bf8bad14a7961abac48d2e9d7c8eea03c127cf9e18b2e206c13d9f05f64 [stream]
[debug] [2025-03-20T18:17:39.106Z] >>> [apiv2][query] POST https://upload-firebasehosting.googleapis.com/upload/sites/iiic-umit/versions/be4495b488c4db5d/files/86d204b33e4e83c4a962688948d0d5fe25cf935c87f7655375deca5e23023749 [none]
[debug] [2025-03-20T18:17:39.106Z] >>> [apiv2][body] POST https://upload-firebasehosting.googleapis.com/upload/sites/iiic-umit/versions/be4495b488c4db5d/files/86d204b33e4e83c4a962688948d0d5fe25cf935c87f7655375deca5e23023749 [stream]
[debug] [2025-03-20T18:17:39.108Z] >>> [apiv2][query] POST https://upload-firebasehosting.googleapis.com/upload/sites/iiic-umit/versions/be4495b488c4db5d/files/0c643acdd759315126b672cf98be6a3dc0e5b30f1a8c8857f07ede40159cbc34 [none]
[debug] [2025-03-20T18:17:39.108Z] >>> [apiv2][body] POST https://upload-firebasehosting.googleapis.com/upload/sites/iiic-umit/versions/be4495b488c4db5d/files/0c643acdd759315126b672cf98be6a3dc0e5b30f1a8c8857f07ede40159cbc34 [stream]
[debug] [2025-03-20T18:17:39.110Z] [hosting][populate queue][FINAL] {"max":512,"min":512,"avg":512,"active":0,"complete":1,"success":1,"errored":0,"retried":0,"total":1,"elapsed":530}
[debug] [2025-03-20T18:17:39.110Z] [hosting] uploads queued: 6
[debug] [2025-03-20T18:17:40.513Z] <<< [apiv2][status] POST https://upload-firebasehosting.googleapis.com/upload/sites/iiic-umit/versions/be4495b488c4db5d/files/051e15cfb47e62d12ab621596af06bdf78d201ad82a6d230f7b0634ea31cf8f2 200
[debug] [2025-03-20T18:17:40.514Z] <<< [apiv2][body] POST https://upload-firebasehosting.googleapis.com/upload/sites/iiic-umit/versions/be4495b488c4db5d/files/051e15cfb47e62d12ab621596af06bdf78d201ad82a6d230f7b0634ea31cf8f2 [stream]
[debug] [2025-03-20T18:17:40.787Z] <<< [apiv2][status] POST https://upload-firebasehosting.googleapis.com/upload/sites/iiic-umit/versions/be4495b488c4db5d/files/0c643acdd759315126b672cf98be6a3dc0e5b30f1a8c8857f07ede40159cbc34 200
[debug] [2025-03-20T18:17:40.787Z] <<< [apiv2][body] POST https://upload-firebasehosting.googleapis.com/upload/sites/iiic-umit/versions/be4495b488c4db5d/files/0c643acdd759315126b672cf98be6a3dc0e5b30f1a8c8857f07ede40159cbc34 [stream]
[debug] [2025-03-20T18:17:40.788Z] <<< [apiv2][status] POST https://upload-firebasehosting.googleapis.com/upload/sites/iiic-umit/versions/be4495b488c4db5d/files/86d204b33e4e83c4a962688948d0d5fe25cf935c87f7655375deca5e23023749 200
[debug] [2025-03-20T18:17:40.788Z] <<< [apiv2][body] POST https://upload-firebasehosting.googleapis.com/upload/sites/iiic-umit/versions/be4495b488c4db5d/files/86d204b33e4e83c4a962688948d0d5fe25cf935c87f7655375deca5e23023749 [stream]
[debug] [2025-03-20T18:17:40.864Z] <<< [apiv2][status] POST https://upload-firebasehosting.googleapis.com/upload/sites/iiic-umit/versions/be4495b488c4db5d/files/81ae8bf8bad14a7961abac48d2e9d7c8eea03c127cf9e18b2e206c13d9f05f64 200
[debug] [2025-03-20T18:17:40.864Z] <<< [apiv2][body] POST https://upload-firebasehosting.googleapis.com/upload/sites/iiic-umit/versions/be4495b488c4db5d/files/81ae8bf8bad14a7961abac48d2e9d7c8eea03c127cf9e18b2e206c13d9f05f64 [stream]
[debug] [2025-03-20T18:17:41.397Z] <<< [apiv2][status] POST https://upload-firebasehosting.googleapis.com/upload/sites/iiic-umit/versions/be4495b488c4db5d/files/3b24597344effc516c117ad4eb1d96c8f1a2cc80773bad3cba6aacf6042a1127 200
[debug] [2025-03-20T18:17:41.397Z] <<< [apiv2][body] POST https://upload-firebasehosting.googleapis.com/upload/sites/iiic-umit/versions/be4495b488c4db5d/files/3b24597344effc516c117ad4eb1d96c8f1a2cc80773bad3cba6aacf6042a1127 [stream]
[debug] [2025-03-20T18:17:43.267Z] <<< [apiv2][status] POST https://upload-firebasehosting.googleapis.com/upload/sites/iiic-umit/versions/be4495b488c4db5d/files/57165902486072b026b50efdabf0c6332b87e7540f8608b4391ff74a8794974d 200
[debug] [2025-03-20T18:17:43.267Z] <<< [apiv2][body] POST https://upload-firebasehosting.googleapis.com/upload/sites/iiic-umit/versions/be4495b488c4db5d/files/57165902486072b026b50efdabf0c6332b87e7540f8608b4391ff74a8794974d [stream]
[debug] [2025-03-20T18:17:43.267Z] [hosting][upload queue][FINAL] {"max":4180,"min":1426,"avg":2180.6666666666665,"active":0,"complete":6,"success":6,"errored":0,"retried":0,"total":6,"elapsed":4180}
[info] +  hosting[iiic-umit]: file upload complete 
[debug] [2025-03-20T18:17:43.369Z] [hosting] deploy completed after 6966ms
[info] i  database: releasing rules... 
[debug] [2025-03-20T18:17:43.404Z] Checked if tokens are valid: true, expires at: 1742498248525
[debug] [2025-03-20T18:17:43.405Z] Checked if tokens are valid: true, expires at: 1742498248525
[debug] [2025-03-20T18:17:43.406Z] >>> [apiv2][query] GET https://firebasedatabase.googleapis.com/v1beta/projects/iiic-umit/locations/-/instances/iiic-umit-default-rtdb [none]
[debug] [2025-03-20T18:17:45.360Z] <<< [apiv2][status] GET https://firebasedatabase.googleapis.com/v1beta/projects/iiic-umit/locations/-/instances/iiic-umit-default-rtdb 200
[debug] [2025-03-20T18:17:45.360Z] <<< [apiv2][body] GET https://firebasedatabase.googleapis.com/v1beta/projects/iiic-umit/locations/-/instances/iiic-umit-default-rtdb {"name":"projects/1044941932147/locations/asia-southeast1/instances/iiic-umit-default-rtdb","project":"projects/1044941932147","databaseUrl":"https://iiic-umit-default-rtdb.asia-southeast1.firebasedatabase.app","type":"DEFAULT_DATABASE","state":"ACTIVE"}
[debug] [2025-03-20T18:17:45.361Z] Checked if tokens are valid: true, expires at: 1742498248525
[debug] [2025-03-20T18:17:45.362Z] Checked if tokens are valid: true, expires at: 1742498248525
[debug] [2025-03-20T18:17:45.362Z] >>> [apiv2][query] PUT https://iiic-umit-default-rtdb.asia-southeast1.firebasedatabase.app/.settings/rules.json 
[debug] [2025-03-20T18:17:45.362Z] >>> [apiv2][body] PUT https://iiic-umit-default-rtdb.asia-southeast1.firebasedatabase.app/.settings/rules.json "{\r\n  \"rules\": {\r\n    \"Blog\": { \r\n      \".read\": \"auth != null\",\r\n      \".write\": \"root.child('users').child(auth.uid).child('role').val() === 'Coordinator'\"\r\n    },\r\n    \"Events\": { \r\n      \".read\": true,\r\n      \".write\": \"root.child('users').child(auth.uid).child('role').val() === 'Coordinator'\"\r\n    },\r\n    \"Recruiters\": { \r\n      \".read\": \"root.child('users').child(auth.uid).child('role').val() === 'Recruiter' || root.child('users').child(auth.uid).child('role').val() === 'Coordinator'\",\r\n      \".write\": \"root.child('users').child(auth.uid).child('role').val() === 'Recruiter' || root.child('users').child(auth.uid).child('role').val() === 'Coordinator'\"\r\n    },\r\n    \"Students\": { \r\n      \".read\": \"root.child('users').child(auth.uid).child('role').val() === 'Recruiter' || root.child('users').child(auth.uid).child('role').val() === 'Coordinator'\",\r\n      \".write\": \"root.child('users').child(auth.uid).child('role').val() === 'Recruiter' || root.child('users').child(auth.uid).child('role').val() === 'Coordinator'\"\r\n    },\r\n    \"Team\": { \r\n      \".read\": true,\r\n      \".write\": \"root.child('users').child(auth.uid).child('role').val() === 'Coordinator'\"\r\n    },\r\n    \"announcements\": {\r\n      \".read\": \"auth != null\",\r\n      \".write\": \"root.child('users').child(auth.uid).child('role').val() === 'Coordinator'\"\r\n    },\r\n    \"users\": {\r\n      \".read\": \"auth != null\",\r\n      \".write\": \"auth != null\"\r\n    }\r\n  }\r\n}\r\n"
[debug] [2025-03-20T18:17:45.906Z] <<< [apiv2][status] PUT https://iiic-umit-default-rtdb.asia-southeast1.firebasedatabase.app/.settings/rules.json 200
[debug] [2025-03-20T18:17:45.906Z] <<< [apiv2][body] PUT https://iiic-umit-default-rtdb.asia-southeast1.firebasedatabase.app/.settings/rules.json {"status":"ok"}
[info] +  database: rules for database iiic-umit-default-rtdb released successfully 
[debug] [2025-03-20T18:17:45.908Z] [
  {
    "config": {
      "public": "build",
      "ignore": [
        "firebase.json",
        "**/.*",
        "**/node_modules/**"
      ],
      "site": "iiic-umit"
    },
    "version": "projects/1044941932147/sites/iiic-umit/versions/be4495b488c4db5d"
  }
]
[info] i  hosting[iiic-umit]: finalizing version... 
[debug] [2025-03-20T18:17:45.911Z] Checked if tokens are valid: true, expires at: 1742498248525
[debug] [2025-03-20T18:17:45.911Z] Checked if tokens are valid: true, expires at: 1742498248525
[debug] [2025-03-20T18:17:45.911Z] >>> [apiv2][query] PATCH https://firebasehosting.googleapis.com/v1beta1/projects/-/sites/iiic-umit/versions/be4495b488c4db5d updateMask=status%2Cconfig
[debug] [2025-03-20T18:17:45.911Z] >>> [apiv2][body] PATCH https://firebasehosting.googleapis.com/v1beta1/projects/-/sites/iiic-umit/versions/be4495b488c4db5d {"status":"FINALIZED","config":{}}
